<?xml version="1.0" encoding="UTF-8"?>
<testsuite xmlns:xsi="http://www.w3.org/2001/XMLSchema-instance" xsi:noNamespaceSchemaLocation="https://maven.apache.org/surefire/maven-surefire-plugin/xsd/surefire-test-report.xsd" name="UseCases.Command.Vuelos2.Eliminar.EliminarVueloHandlerTest" time="0.001" tests="2" errors="0" skipped="0" failures="0">
  <properties>
    <property name="java.specification.version" value="18"/>
    <property name="sun.cpu.isalist" value="amd64"/>
    <property name="sun.jnu.encoding" value="Cp1252"/>
    <property name="java.class.path" value="C:\Users\ALVARO\Documents\GitHub\dms-vuelos\vuelo\Application\target\test-classes;C:\Users\ALVARO\Documents\GitHub\dms-vuelos\vuelo\Application\target\classes;C:\Users\ALVARO\Documents\GitHub\dms-vuelos\vuelo\Domain\target\Domain-1.0.jar;C:\Users\ALVARO\Documents\GitHub\dms-vuelos\vuelo\SharedKernel\target\SharedKernel-1.0.jar;C:\Users\ALVARO\Documents\GitHub\dms-vuelos\vuelo\fourteam\target\fourteam-1.0.jar;C:\Users\ALVARO\.m2\repository\com\google\code\gson\gson\2.9.0\gson-2.9.0.jar;C:\Users\ALVARO\Documents\GitHub\dms-vuelos\vuelo\fourteam\lib\httpserver-1.0.8.Final.jar;C:\Users\ALVARO\.m2\repository\org\json\json\20210307\json-20210307.jar;C:\Users\ALVARO\.m2\repository\org\yaml\snakeyaml\1.30\snakeyaml-1.30.jar;C:\Users\ALVARO\.m2\repository\junit\junit\4.13.2\junit-4.13.2.jar;C:\Users\ALVARO\.m2\repository\org\hamcrest\hamcrest-core\1.3\hamcrest-core-1.3.jar;C:\Users\ALVARO\.m2\repository\org\mockito\mockito-core\2.21.0\mockito-core-2.21.0.jar;C:\Users\ALVARO\.m2\repository\net\bytebuddy\byte-buddy\1.8.15\byte-buddy-1.8.15.jar;C:\Users\ALVARO\.m2\repository\net\bytebuddy\byte-buddy-agent\1.8.15\byte-buddy-agent-1.8.15.jar;C:\Users\ALVARO\.m2\repository\org\objenesis\objenesis\2.6\objenesis-2.6.jar;"/>
    <property name="java.vm.vendor" value="Oracle Corporation"/>
    <property name="sun.arch.data.model" value="64"/>
    <property name="user.variant" value=""/>
    <property name="java.vendor.url" value="https://java.oracle.com/"/>
    <property name="user.timezone" value="America/La_Paz"/>
    <property name="os.name" value="Windows 10"/>
    <property name="java.vm.specification.version" value="18"/>
    <property name="sun.java.launcher" value="SUN_STANDARD"/>
    <property name="user.country" value="ES"/>
    <property name="sun.boot.library.path" value="C:\Program Files\Java\jdk-18.0.1.1\bin"/>
    <property name="sun.java.command" value="C:\Users\ALVARO\AppData\Local\Temp\surefire12933150467021779828\surefirebooter8651608298214574834.jar C:\Users\ALVARO\AppData\Local\Temp\surefire12933150467021779828 2022-06-04T02-06-31_604-jvmRun1 surefire6028560613312513438tmp surefire_24037642169270151173tmp"/>
    <property name="jdk.debug" value="release"/>
    <property name="surefire.test.class.path" value="C:\Users\ALVARO\Documents\GitHub\dms-vuelos\vuelo\Application\target\test-classes;C:\Users\ALVARO\Documents\GitHub\dms-vuelos\vuelo\Application\target\classes;C:\Users\ALVARO\Documents\GitHub\dms-vuelos\vuelo\Domain\target\Domain-1.0.jar;C:\Users\ALVARO\Documents\GitHub\dms-vuelos\vuelo\SharedKernel\target\SharedKernel-1.0.jar;C:\Users\ALVARO\Documents\GitHub\dms-vuelos\vuelo\fourteam\target\fourteam-1.0.jar;C:\Users\ALVARO\.m2\repository\com\google\code\gson\gson\2.9.0\gson-2.9.0.jar;C:\Users\ALVARO\Documents\GitHub\dms-vuelos\vuelo\fourteam\lib\httpserver-1.0.8.Final.jar;C:\Users\ALVARO\.m2\repository\org\json\json\20210307\json-20210307.jar;C:\Users\ALVARO\.m2\repository\org\yaml\snakeyaml\1.30\snakeyaml-1.30.jar;C:\Users\ALVARO\.m2\repository\junit\junit\4.13.2\junit-4.13.2.jar;C:\Users\ALVARO\.m2\repository\org\hamcrest\hamcrest-core\1.3\hamcrest-core-1.3.jar;C:\Users\ALVARO\.m2\repository\org\mockito\mockito-core\2.21.0\mockito-core-2.21.0.jar;C:\Users\ALVARO\.m2\repository\net\bytebuddy\byte-buddy\1.8.15\byte-buddy-1.8.15.jar;C:\Users\ALVARO\.m2\repository\net\bytebuddy\byte-buddy-agent\1.8.15\byte-buddy-agent-1.8.15.jar;C:\Users\ALVARO\.m2\repository\org\objenesis\objenesis\2.6\objenesis-2.6.jar;"/>
    <property name="sun.cpu.endian" value="little"/>
    <property name="user.home" value="C:\Users\ALVARO"/>
    <property name="user.language" value="es"/>
    <property name="java.specification.vendor" value="Oracle Corporation"/>
    <property name="java.version.date" value="2022-04-22"/>
    <property name="java.home" value="C:\Program Files\Java\jdk-18.0.1.1"/>
    <property name="file.separator" value="\"/>
    <property name="basedir" value="C:\Users\ALVARO\Documents\GitHub\dms-vuelos\vuelo\Application"/>
    <property name="java.vm.compressedOopsMode" value="Zero based"/>
    <property name="line.separator" value="&#10;"/>
    <property name="java.vm.specification.vendor" value="Oracle Corporation"/>
    <property name="java.specification.name" value="Java Platform API Specification"/>
    <property name="surefire.real.class.path" value="C:\Users\ALVARO\AppData\Local\Temp\surefire12933150467021779828\surefirebooter8651608298214574834.jar"/>
    <property name="user.script" value=""/>
    <property name="sun.management.compiler" value="HotSpot 64-Bit Tiered Compilers"/>
    <property name="java.runtime.version" value="18.0.1.1+2-6"/>
    <property name="user.name" value="ALVARO"/>
    <property name="path.separator" value=";"/>
    <property name="os.version" value="10.0"/>
    <property name="java.runtime.name" value="Java(TM) SE Runtime Environment"/>
    <property name="file.encoding" value="UTF-8"/>
    <property name="java.vm.name" value="Java HotSpot(TM) 64-Bit Server VM"/>
    <property name="localRepository" value="C:\Users\ALVARO\.m2\repository"/>
    <property name="java.vendor.url.bug" value="https://bugreport.java.com/bugreport/"/>
    <property name="java.io.tmpdir" value="C:\Users\ALVARO\AppData\Local\Temp\"/>
    <property name="java.version" value="18.0.1.1"/>
    <property name="user.dir" value="C:\Users\ALVARO\Documents\GitHub\dms-vuelos\vuelo\Application"/>
    <property name="os.arch" value="amd64"/>
    <property name="java.vm.specification.name" value="Java Virtual Machine Specification"/>
    <property name="sun.os.patch.level" value=""/>
    <property name="native.encoding" value="Cp1252"/>
    <property name="java.library.path" value="C:\Program Files\Java\jdk-18.0.1.1\bin;C:\Windows\Sun\Java\bin;C:\Windows\system32;C:\Windows;C:\Program Files\Common Files\Oracle\Java\javapath;C:\Program Files\Eclipse Adoptium\jdk-17.0.2.8-hotspot\bin;C:\Program Files\Eclipse Adoptium\jdk-11.0.13.8-hotspot\bin;C:\Windows\system32;C:\Windows;C:\Windows\System32\Wbem;C:\Windows\System32\WindowsPowerShell\v1.0\;C:\Windows\System32\OpenSSH\;C:\Program Files\Microsoft\Web Platform Installer\;C:\xampp\php;C:\Program Files\nodejs\;C:\Program Files\Git\cmd;C:\Program Files (x86)\Intel\Intel(R) Management Engine Components\DAL;C:\Program Files\Intel\Intel(R) Management Engine Components\DAL;C:\Program Files\Java\jdk-18.0.1.1\bin;C:\Program Files\apache-maven-3.8.5\bin;C:\Users\ALVARO\AppData\Local\Microsoft\WindowsApps;C:\Users\ALVARO\AppData\Local\Programs\Microsoft VS Code\bin;C:\Users\ALVARO\AppData\Roaming\npm;C:\Users\ALVARO\AppData\Local\GitHubDesktop\bin;."/>
    <property name="java.vm.info" value="mixed mode, sharing"/>
    <property name="java.vendor" value="Oracle Corporation"/>
    <property name="java.vm.version" value="18.0.1.1+2-6"/>
    <property name="sun.io.unicode.encoding" value="UnicodeLittle"/>
    <property name="java.class.version" value="62.0"/>
  </properties>
  <testcase name="HandleFailed" classname="UseCases.Command.Vuelos2.Eliminar.EliminarVueloHandlerTest" time="0.001"/>
  <testcase name="HandleCorrectly" classname="UseCases.Command.Vuelos2.Eliminar.EliminarVueloHandlerTest" time="0"/>
</testsuite>